This file contains any messages produced by compilers while
running configure, to aid debugging if configure makes a mistake.

It was created by jalapaquery configure 0.1, which was
generated by GNU Autoconf 2.61.  Invocation command line was

  $ ./configure 

## --------- ##
## Platform. ##
## --------- ##

hostname = Mano.local
uname -m = x86_64
uname -r = 11.2.0
uname -s = Darwin
uname -v = Darwin Kernel Version 11.2.0: Tue Aug  9 20:54:00 PDT 2011; root:xnu-1699.24.8~1/RELEASE_X86_64

/usr/bin/uname -p = i386
/bin/uname -X     = unknown

/bin/arch              = unknown
/usr/bin/arch -k       = unknown
/usr/convex/getsysinfo = unknown
/usr/bin/hostinfo      = Mach kernel version:
	 Darwin Kernel Version 11.2.0: Tue Aug  9 20:54:00 PDT 2011; root:xnu-1699.24.8~1/RELEASE_X86_64
Kernel configured for up to 4 processors.
2 processors are physically available.
4 processors are logically available.
Processor type: i486 (Intel 80486)
Processors active: 0 1 2 3
Primary memory available: 4.00 gigabytes
Default processor set: 95 tasks, 402 threads, 4 processors
Load average: 0.31, Mach factor: 3.68
/bin/machine           = unknown
/usr/bin/oslevel       = unknown
/bin/universe          = unknown

PATH: /opt/local/bin
PATH: /opt/local/sbin
PATH: /Library/Frameworks/Python.framework/Versions/Current/bin
PATH: /usr/bin
PATH: /bin
PATH: /usr/sbin
PATH: /sbin
PATH: /usr/local/bin
PATH: /usr/X11/bin


## ----------- ##
## Core tests. ##
## ----------- ##

configure:1784: checking for a BSD-compatible install
configure:1840: result: /usr/bin/install -c
configure:1851: checking whether build environment is sane
configure:1894: result: yes
configure:1922: checking for a thread-safe mkdir -p
configure:1961: result: ./install-sh -c -d
configure:1974: checking for gawk
configure:2004: result: no
configure:1974: checking for mawk
configure:2004: result: no
configure:1974: checking for nawk
configure:2004: result: no
configure:1974: checking for awk
configure:1990: found /usr/bin/awk
configure:2001: result: awk
configure:2012: checking whether make sets $(MAKE)
configure:2033: result: yes
configure:2216: checking how to create a ustar tar archive
configure:2229: tar --version
bsdtar 2.8.3 - libarchive 2.8.3
configure:2232: $? = 0
configure:2272: tardir=conftest.dir && eval tar --format=ustar -chf - "$tardir" >conftest.tar
configure:2275: $? = 0
configure:2279: tar -xf - <conftest.tar
configure:2282: $? = 0
configure:2295: result: gnutar
configure:2365: checking for g++
configure:2381: found /usr/bin/g++
configure:2392: result: g++
configure:2423: checking for C++ compiler version
configure:2430: g++ --version >&5
i686-apple-darwin11-llvm-g++-4.2 (GCC) 4.2.1 (Based on Apple Inc. build 5658) (LLVM build 2336.1.00)
Copyright (C) 2007 Free Software Foundation, Inc.
This is free software; see the source for copying conditions.  There is NO
warranty; not even for MERCHANTABILITY or FITNESS FOR A PARTICULAR PURPOSE.

configure:2433: $? = 0
configure:2440: g++ -v >&5
Using built-in specs.
Target: i686-apple-darwin11
Configured with: /private/var/tmp/llvmgcc42/llvmgcc42-2336.1~22/src/configure --disable-checking --enable-werror --prefix=/Developer/usr/llvm-gcc-4.2 --mandir=/share/man --enable-languages=c,objc,c++,obj-c++ --program-prefix=llvm- --program-transform-name=/^[cg][^.-]*$/s/$/-4.2/ --with-slibdir=/usr/lib --build=i686-apple-darwin11 --enable-llvm=/private/var/tmp/llvmgcc42/llvmgcc42-2336.1~22/dst-llvmCore/Developer/usr/local --program-prefix=i686-apple-darwin11- --host=x86_64-apple-darwin11 --target=i686-apple-darwin11 --with-gxx-include-dir=/usr/include/c++/4.2.1
Thread model: posix
gcc version 4.2.1 (Based on Apple Inc. build 5658) (LLVM build 2336.1.00)
configure:2443: $? = 0
configure:2450: g++ -V >&5
llvm-g++-4.2: argument to `-V' is missing
configure:2453: $? = 1
configure:2476: checking for C++ compiler default output file name
configure:2503: g++    conftest.cpp  >&5
configure:2506: $? = 0
configure:2544: result: a.out
configure:2561: checking whether the C++ compiler works
configure:2571: ./a.out
configure:2574: $? = 0
configure:2591: result: yes
configure:2598: checking whether we are cross compiling
configure:2600: result: no
configure:2603: checking for suffix of executables
configure:2610: g++ -o conftest    conftest.cpp  >&5
configure:2613: $? = 0
configure:2637: result: 
configure:2643: checking for suffix of object files
configure:2669: g++ -c   conftest.cpp >&5
configure:2672: $? = 0
configure:2695: result: o
configure:2699: checking whether we are using the GNU C++ compiler
configure:2728: g++ -c   conftest.cpp >&5
configure:2734: $? = 0
configure:2751: result: yes
configure:2756: checking whether g++ accepts -g
configure:2786: g++ -c -g  conftest.cpp >&5
configure:2792: $? = 0
configure:2891: result: yes
configure:2925: checking for style of include used by make
configure:2953: result: GNU
configure:2978: checking dependency style of g++
configure:3069: result: none
configure:3132: checking for gcc
configure:3148: found /usr/bin/gcc
configure:3159: result: gcc
configure:3397: checking for C compiler version
configure:3404: gcc --version >&5
i686-apple-darwin11-llvm-gcc-4.2 (GCC) 4.2.1 (Based on Apple Inc. build 5658) (LLVM build 2336.1.00)
Copyright (C) 2007 Free Software Foundation, Inc.
This is free software; see the source for copying conditions.  There is NO
warranty; not even for MERCHANTABILITY or FITNESS FOR A PARTICULAR PURPOSE.

configure:3407: $? = 0
configure:3414: gcc -v >&5
Using built-in specs.
Target: i686-apple-darwin11
Configured with: /private/var/tmp/llvmgcc42/llvmgcc42-2336.1~22/src/configure --disable-checking --enable-werror --prefix=/Developer/usr/llvm-gcc-4.2 --mandir=/share/man --enable-languages=c,objc,c++,obj-c++ --program-prefix=llvm- --program-transform-name=/^[cg][^.-]*$/s/$/-4.2/ --with-slibdir=/usr/lib --build=i686-apple-darwin11 --enable-llvm=/private/var/tmp/llvmgcc42/llvmgcc42-2336.1~22/dst-llvmCore/Developer/usr/local --program-prefix=i686-apple-darwin11- --host=x86_64-apple-darwin11 --target=i686-apple-darwin11 --with-gxx-include-dir=/usr/include/c++/4.2.1
Thread model: posix
gcc version 4.2.1 (Based on Apple Inc. build 5658) (LLVM build 2336.1.00)
configure:3417: $? = 0
configure:3424: gcc -V >&5
llvm-gcc-4.2: argument to `-V' is missing
configure:3427: $? = 1
configure:3430: checking whether we are using the GNU C compiler
configure:3459: gcc -c   conftest.c >&5
configure:3465: $? = 0
configure:3482: result: yes
configure:3487: checking whether gcc accepts -g
configure:3517: gcc -c -g  conftest.c >&5
configure:3523: $? = 0
configure:3622: result: yes
configure:3639: checking for gcc option to accept ISO C89
configure:3713: gcc  -c -g -O2  conftest.c >&5
configure:3719: $? = 0
configure:3742: result: none needed
configure:3762: checking dependency style of gcc
configure:3853: result: none
configure:3878: checking how to run the C preprocessor
configure:3918: gcc -E  conftest.c
configure:3924: $? = 0
configure:3955: gcc -E  conftest.c
conftest.c:10:28: error: ac_nonexistent.h: No such file or directory
configure:3961: $? = 1
configure: failed program was:
| /* confdefs.h.  */
| #define PACKAGE_NAME "jalapaquery"
| #define PACKAGE_TARNAME "jalapaquery"
| #define PACKAGE_VERSION "0.1"
| #define PACKAGE_STRING "jalapaquery 0.1"
| #define PACKAGE_BUGREPORT "leonhad@gmail.com"
| #define PACKAGE "jalapaquery"
| #define VERSION "0.1"
| /* end confdefs.h.  */
| #include <ac_nonexistent.h>
configure:3994: result: gcc -E
configure:4023: gcc -E  conftest.c
configure:4029: $? = 0
configure:4060: gcc -E  conftest.c
conftest.c:10:28: error: ac_nonexistent.h: No such file or directory
configure:4066: $? = 1
configure: failed program was:
| /* confdefs.h.  */
| #define PACKAGE_NAME "jalapaquery"
| #define PACKAGE_TARNAME "jalapaquery"
| #define PACKAGE_VERSION "0.1"
| #define PACKAGE_STRING "jalapaquery 0.1"
| #define PACKAGE_BUGREPORT "leonhad@gmail.com"
| #define PACKAGE "jalapaquery"
| #define VERSION "0.1"
| /* end confdefs.h.  */
| #include <ac_nonexistent.h>
configure:4104: checking for grep that handles long lines and -e
configure:4178: result: /usr/bin/grep
configure:4183: checking for egrep
configure:4261: result: /usr/bin/grep -E
configure:4266: checking for ANSI C header files
configure:4296: gcc -c -g -O2  conftest.c >&5
configure:4302: $? = 0
configure:4401: gcc -o conftest -g -O2   conftest.c  >&5
configure:4404: $? = 0
configure:4410: ./conftest
configure:4413: $? = 0
configure:4430: result: yes
configure:4454: checking for sys/types.h
configure:4475: gcc -c -g -O2  conftest.c >&5
configure:4481: $? = 0
configure:4497: result: yes
configure:4454: checking for sys/stat.h
configure:4475: gcc -c -g -O2  conftest.c >&5
configure:4481: $? = 0
configure:4497: result: yes
configure:4454: checking for stdlib.h
configure:4475: gcc -c -g -O2  conftest.c >&5
configure:4481: $? = 0
configure:4497: result: yes
configure:4454: checking for string.h
configure:4475: gcc -c -g -O2  conftest.c >&5
configure:4481: $? = 0
configure:4497: result: yes
configure:4454: checking for memory.h
configure:4475: gcc -c -g -O2  conftest.c >&5
configure:4481: $? = 0
configure:4497: result: yes
configure:4454: checking for strings.h
configure:4475: gcc -c -g -O2  conftest.c >&5
configure:4481: $? = 0
configure:4497: result: yes
configure:4454: checking for inttypes.h
configure:4475: gcc -c -g -O2  conftest.c >&5
configure:4481: $? = 0
configure:4497: result: yes
configure:4454: checking for stdint.h
configure:4475: gcc -c -g -O2  conftest.c >&5
configure:4481: $? = 0
configure:4497: result: yes
configure:4454: checking for unistd.h
configure:4475: gcc -c -g -O2  conftest.c >&5
configure:4481: $? = 0
configure:4497: result: yes
configure:4526: checking stddef.h usability
configure:4543: gcc -c -g -O2  conftest.c >&5
configure:4549: $? = 0
configure:4563: result: yes
configure:4567: checking stddef.h presence
configure:4582: gcc -E  conftest.c
configure:4588: $? = 0
configure:4602: result: yes
configure:4635: checking for stddef.h
configure:4643: result: yes
configure:4516: checking for stdlib.h
configure:4522: result: yes
configure:4516: checking for string.h
configure:4522: result: yes
configure:4658: checking for stdbool.h that conforms to C99
configure:4751: gcc -c -g -O2  conftest.c >&5
conftest.c:76: error: initializer element is not constant
configure:4757: $? = 1
configure: failed program was:
| /* confdefs.h.  */
| #define PACKAGE_NAME "jalapaquery"
| #define PACKAGE_TARNAME "jalapaquery"
| #define PACKAGE_VERSION "0.1"
| #define PACKAGE_STRING "jalapaquery 0.1"
| #define PACKAGE_BUGREPORT "leonhad@gmail.com"
| #define PACKAGE "jalapaquery"
| #define VERSION "0.1"
| #define STDC_HEADERS 1
| #define HAVE_SYS_TYPES_H 1
| #define HAVE_SYS_STAT_H 1
| #define HAVE_STDLIB_H 1
| #define HAVE_STRING_H 1
| #define HAVE_MEMORY_H 1
| #define HAVE_STRINGS_H 1
| #define HAVE_INTTYPES_H 1
| #define HAVE_STDINT_H 1
| #define HAVE_UNISTD_H 1
| #define HAVE_STDDEF_H 1
| #define HAVE_STDLIB_H 1
| #define HAVE_STRING_H 1
| /* end confdefs.h.  */
| 
| #include <stdbool.h>
| #ifndef bool
|  "error: bool is not defined"
| #endif
| #ifndef false
|  "error: false is not defined"
| #endif
| #if false
|  "error: false is not 0"
| #endif
| #ifndef true
|  "error: true is not defined"
| #endif
| #if true != 1
|  "error: true is not 1"
| #endif
| #ifndef __bool_true_false_are_defined
|  "error: __bool_true_false_are_defined is not defined"
| #endif
| 
| 	struct s { _Bool s: 1; _Bool t; } s;
| 
| 	char a[true == 1 ? 1 : -1];
| 	char b[false == 0 ? 1 : -1];
| 	char c[__bool_true_false_are_defined == 1 ? 1 : -1];
| 	char d[(bool) 0.5 == true ? 1 : -1];
| 	bool e = &s;
| 	char f[(_Bool) 0.0 == false ? 1 : -1];
| 	char g[true];
| 	char h[sizeof (_Bool)];
| 	char i[sizeof s.t];
| 	enum { j = false, k = true, l = false * true, m = true * 256 };
| 	_Bool n[m];
| 	char o[sizeof n == m * sizeof n[0] ? 1 : -1];
| 	char p[-1 - (_Bool) 0 < 0 && -1 - (bool) 0 < 0 ? 1 : -1];
| #	if defined __xlc__ || defined __GNUC__
| 	 /* Catch a bug in IBM AIX xlc compiler version 6.0.0.0
| 	    reported by James Lemley on 2005-10-05; see
| 	    http://lists.gnu.org/archive/html/bug-coreutils/2005-10/msg00086.html
| 	    This test is not quite right, since xlc is allowed to
| 	    reject this program, as the initializer for xlcbug is
| 	    not one of the forms that C requires support for.
| 	    However, doing the test right would require a runtime
| 	    test, and that would make cross-compilation harder.
| 	    Let us hope that IBM fixes the xlc bug, and also adds
| 	    support for this kind of constant expression.  In the
| 	    meantime, this test will reject xlc, which is OK, since
| 	    our stdbool.h substitute should suffice.  We also test
| 	    this with GCC, where it should work, to detect more
| 	    quickly whether someone messes up the test in the
| 	    future.  */
| 	 char digs[] = "0123456789";
| 	 int xlcbug = 1 / (&(digs + 5)[-2 + (bool) 1] == &digs[4] ? 1 : -1);
| #	endif
| 	/* Catch a bug in an HP-UX C compiler.  See
| 	   http://gcc.gnu.org/ml/gcc-patches/2003-12/msg02303.html
| 	   http://lists.gnu.org/archive/html/bug-coreutils/2005-11/msg00161.html
| 	 */
| 	_Bool q = true;
| 	_Bool *pq = &q;
| 
| int
| main ()
| {
| 
| 	*pq |= q;
| 	*pq |= ! q;
| 	/* Refer to every declared value, to avoid compiler optimizations.  */
| 	return (!a + !b + !c + !d + !e + !f + !g + !h + !i + !!j + !k + !!l
| 		+ !m + !n + !o + !p + !q + !pq);
| 
|   ;
|   return 0;
| }
configure:4772: result: no
configure:4774: checking for _Bool
configure:4804: gcc -c -g -O2  conftest.c >&5
configure:4810: $? = 0
configure:4825: result: yes
configure:4844: checking for an ANSI C-conforming const
configure:4919: gcc -c -g -O2  conftest.c >&5
configure:4925: $? = 0
configure:4940: result: yes
configure:4950: checking for size_t
configure:4980: gcc -c -g -O2  conftest.c >&5
configure:4986: $? = 0
configure:5001: result: yes
configure:5139: creating ./config.status

## ---------------------- ##
## Running config.status. ##
## ---------------------- ##

This file was extended by jalapaquery config.status 0.1, which was
generated by GNU Autoconf 2.61.  Invocation command line was

  CONFIG_FILES    = 
  CONFIG_HEADERS  = 
  CONFIG_LINKS    = 
  CONFIG_COMMANDS = 
  $ ./config.status 

on Mano.local

config.status:649: creating Makefile
config.status:649: creating doc/Makefile
config.status:649: creating quazip/Makefile
config.status:649: creating src/Makefile
config.status:649: creating src/jalapaquery/Makefile
config.status:649: creating src/plugins/Makefile
config.status:649: creating src/plugins/databaseplugin/Makefile
config.status:649: creating src/plugins/umlplugin/Makefile
config.status:649: creating test/Makefile
config.status:649: creating config.h
config.status:925: executing depfiles commands

## ---------------- ##
## Cache variables. ##
## ---------------- ##

ac_cv_c_compiler_gnu=yes
ac_cv_c_const=yes
ac_cv_cxx_compiler_gnu=yes
ac_cv_env_CCC_set=
ac_cv_env_CCC_value=
ac_cv_env_CC_set=
ac_cv_env_CC_value=
ac_cv_env_CFLAGS_set=
ac_cv_env_CFLAGS_value=
ac_cv_env_CPPFLAGS_set=
ac_cv_env_CPPFLAGS_value=
ac_cv_env_CPP_set=
ac_cv_env_CPP_value=
ac_cv_env_CXXFLAGS_set=
ac_cv_env_CXXFLAGS_value=
ac_cv_env_CXX_set=
ac_cv_env_CXX_value=
ac_cv_env_LDFLAGS_set=
ac_cv_env_LDFLAGS_value=
ac_cv_env_LIBS_set=
ac_cv_env_LIBS_value=
ac_cv_env_build_alias_set=
ac_cv_env_build_alias_value=
ac_cv_env_host_alias_set=
ac_cv_env_host_alias_value=
ac_cv_env_target_alias_set=
ac_cv_env_target_alias_value=
ac_cv_header_inttypes_h=yes
ac_cv_header_memory_h=yes
ac_cv_header_stdbool_h=no
ac_cv_header_stdc=yes
ac_cv_header_stddef_h=yes
ac_cv_header_stdint_h=yes
ac_cv_header_stdlib_h=yes
ac_cv_header_string_h=yes
ac_cv_header_strings_h=yes
ac_cv_header_sys_stat_h=yes
ac_cv_header_sys_types_h=yes
ac_cv_header_unistd_h=yes
ac_cv_objext=o
ac_cv_path_EGREP='/usr/bin/grep -E'
ac_cv_path_GREP=/usr/bin/grep
ac_cv_path_install='/usr/bin/install -c'
ac_cv_prog_AWK=awk
ac_cv_prog_CPP='gcc -E'
ac_cv_prog_ac_ct_CC=gcc
ac_cv_prog_ac_ct_CXX=g++
ac_cv_prog_cc_c89=
ac_cv_prog_cc_g=yes
ac_cv_prog_cxx_g=yes
ac_cv_prog_make_make_set=yes
ac_cv_type__Bool=yes
ac_cv_type_size_t=yes
am_cv_CC_dependencies_compiler_type=none
am_cv_CXX_dependencies_compiler_type=none
am_cv_prog_tar_ustar=gnutar

## ----------------- ##
## Output variables. ##
## ----------------- ##

ACLOCAL='${SHELL} /Users/leonardocosta/Projetos/jalapaquery/jalapaquery/missing --run aclocal-1.10'
AMDEPBACKSLASH='\'
AMDEP_FALSE='#'
AMDEP_TRUE=''
AMTAR='${SHELL} /Users/leonardocosta/Projetos/jalapaquery/jalapaquery/missing --run tar'
AUTOCONF='${SHELL} /Users/leonardocosta/Projetos/jalapaquery/jalapaquery/missing --run autoconf'
AUTOHEADER='${SHELL} /Users/leonardocosta/Projetos/jalapaquery/jalapaquery/missing --run autoheader'
AUTOMAKE='${SHELL} /Users/leonardocosta/Projetos/jalapaquery/jalapaquery/missing --run automake-1.10'
AWK='awk'
CC='gcc'
CCDEPMODE='depmode=none'
CFLAGS='-g -O2'
CPP='gcc -E'
CPPFLAGS=''
CXX='g++'
CXXDEPMODE='depmode=none'
CXXFLAGS='-g -O2'
CYGPATH_W='echo'
DEFS='-DHAVE_CONFIG_H'
DEPDIR='.deps'
ECHO_C='ECHO_N=''
ECHO_T=''
EGREP='/usr/bin/grep -E'
EXEEXT=''
GREP='/usr/bin/grep'
INSTALL_DATA='${INSTALL} -m 644'
INSTALL_PROGRAM='${INSTALL}'
INSTALL_SCRIPT='${INSTALL}'
INSTALL_STRIP_PROGRAM='$(install_sh) -c -s'
LDFLAGS=''
LIBOBJS=''
LIBS=''
LTLIBOBJS=''
MAKEINFO='${SHELL} /Users/leonardocosta/Projetos/jalapaquery/jalapaquery/missing --run makeinfo'
OBJEXT='o'
PACKAGE='jalapaquery'
PACKAGE_BUGREPORT='leonhad@gmail.com'
PACKAGE_NAME='jalapaquery'
PACKAGE_STRING='jalapaquery 0.1'
PACKAGE_TARNAME='jalapaquery'
PACKAGE_VERSION='0.1'
PATH_SEPARATOR=':'
SET_MAKE=''
SHELL='/bin/sh'
STRIP=''
VERSION='0.1'
ac_ct_CC='gcc'
ac_ct_CXX='g++'
am__fastdepCC_FALSE=''
am__fastdepCC_TRUE='#'
am__fastdepCXX_FALSE=''
am__fastdepCXX_TRUE='#'
am__include='include'
am__isrc=''
am__leading_dot='.'
am__quote=''
am__tar='tar --format=ustar -chf - "$$tardir"'
am__untar='tar -xf -'
bindir='${exec_prefix}/bin'
build_alias=''
datadir='${datarootdir}'
datarootdir='${prefix}/share'
docdir='${datarootdir}/doc/${PACKAGE_TARNAME}'
dvidir='${docdir}'
exec_prefix='${prefix}'
host_alias=''
htmldir='${docdir}'
includedir='${prefix}/include'
infodir='${datarootdir}/info'
install_sh='$(SHELL) /Users/leonardocosta/Projetos/jalapaquery/jalapaquery/install-sh'
libdir='${exec_prefix}/lib'
libexecdir='${exec_prefix}/libexec'
localedir='${datarootdir}/locale'
localstatedir='${prefix}/var'
mandir='${datarootdir}/man'
mkdir_p='$(top_builddir)/./install-sh -c -d'
oldincludedir='/usr/include'
pdfdir='${docdir}'
prefix='/usr/local'
program_transform_name='s,x,x,'
psdir='${docdir}'
sbindir='${exec_prefix}/sbin'
sharedstatedir='${prefix}/com'
sysconfdir='${prefix}/etc'
target_alias=''

## ----------- ##
## confdefs.h. ##
## ----------- ##

#define PACKAGE_NAME "jalapaquery"
#define PACKAGE_TARNAME "jalapaquery"
#define PACKAGE_VERSION "0.1"
#define PACKAGE_STRING "jalapaquery 0.1"
#define PACKAGE_BUGREPORT "leonhad@gmail.com"
#define PACKAGE "jalapaquery"
#define VERSION "0.1"
#define STDC_HEADERS 1
#define HAVE_SYS_TYPES_H 1
#define HAVE_SYS_STAT_H 1
#define HAVE_STDLIB_H 1
#define HAVE_STRING_H 1
#define HAVE_MEMORY_H 1
#define HAVE_STRINGS_H 1
#define HAVE_INTTYPES_H 1
#define HAVE_STDINT_H 1
#define HAVE_UNISTD_H 1
#define HAVE_STDDEF_H 1
#define HAVE_STDLIB_H 1
#define HAVE_STRING_H 1
#define HAVE__BOOL 1

configure: exit 0

## ---------------------- ##
## Running config.status. ##
## ---------------------- ##

This file was extended by jalapaquery config.status 0.1, which was
generated by GNU Autoconf 2.61.  Invocation command line was

  CONFIG_FILES    = 
  CONFIG_HEADERS  = 
  CONFIG_LINKS    = 
  CONFIG_COMMANDS = 
  $ ./config.status config.h

on Mano.local

config.status:649: creating config.h
config.status:879: config.h is unchanged
